<?xml version="1.0" encoding="UTF-8"?>
<testsuites name="Mocha Tests" time="2.0039999999999996" tests="3" failures="1">
  <testsuite name="Root Suite" timestamp="2019-01-27T19:38:42" tests="0" failures="0" time="0">
  </testsuite>
  <testsuite name="UserService" timestamp="2019-01-27T19:38:42" tests="3" file="/Users/bvvliet/dev/GetFood-API/test/integration/modules/user/UserService.spec.ts" failures="1" time="2.0039999999999996">
    <testcase name="UserService should not get user that doesnt exist" time="0.002" classname="should not get user that doesnt exist">
    </testcase>
    <testcase name="UserService should create user" time="2.001" classname="should create user">
      <failure message="Timeout of 2000ms exceeded. For async tests and hooks, ensure &quot;done()&quot; is called; if returning a Promise, ensure it resolves. (/Users/bvvliet/dev/GetFood-API/test/integration/modules/user/UserService.spec.ts)" type="Error"><![CDATA[Error: Timeout of 2000ms exceeded. For async tests and hooks, ensure "done()" is called; if returning a Promise, ensure it resolves. (/Users/bvvliet/dev/GetFood-API/test/integration/modules/user/UserService.spec.ts)]]></failure>
    </testcase>
    <testcase name="UserService should update user" time="0.001" classname="should update user">
    </testcase>
  </testsuite>
</testsuites>